# JRE version: OpenJDK Runtime Environment (8.0_432-b06) (build 1.8.0_432-b06)
# Java VM: OpenJDK 64-Bit Server VM (25.432-b06 mixed mode windows-amd64 compressed oops)
Heap:
 def new generation   total 148608K, used 72663K [0x00000000a2400000, 0x00000000ac530000, 0x00000000c1800000)
  eden space 132160K,  49% used [0x00000000a2400000, 0x00000000a63e9120, 0x00000000aa510000)
  from space 16448K,  43% used [0x00000000ab520000, 0x00000000abc2cd48, 0x00000000ac530000)
  to   space 16448K,   0% used [0x00000000aa510000, 0x00000000aa510000, 0x00000000ab520000)
 tenured generation   total 329976K, used 229253K [0x00000000c1800000, 0x00000000d5a3e000, 0x0000000100000000)
   the space 329976K,  69% used [0x00000000c1800000, 0x00000000cf7e15a0, 0x00000000cf7e1600, 0x00000000d5a3e000)
 Metaspace       used 57052K, capacity 58216K, committed 58328K, reserved 1099776K
  class space    used 7392K, capacity 7664K, committed 7680K, reserved 1048576K
GC Heap History (10 events):
Event: 724.742 GC heap before
{Heap before GC invocations=306 (full 4):
 def new generation   total 148608K, used 137511K [0x00000000a2400000, 0x00000000ac530000, 0x00000000c1800000)
  eden space 132160K, 100% used [0x00000000a2400000, 0x00000000aa510000, 0x00000000aa510000)
  from space 16448K,  32% used [0x00000000aa510000, 0x00000000aaa49f20, 0x00000000ab520000)
  to   space 16448K,   0% used [0x00000000ab520000, 0x00000000ab520000, 0x00000000ac530000)
 tenured generation   total 329976K, used 229253K [0x00000000c1800000, 0x00000000d5a3e000, 0x0000000100000000)
   the space 329976K,  69% used [0x00000000c1800000, 0x00000000cf7e15a0, 0x00000000cf7e1600, 0x00000000d5a3e000)
 Metaspace       used 56965K, capacity 58152K, committed 58328K, reserved 1099776K
  class space    used 7387K, capacity 7664K, committed 7680K, reserved 1048576K
Event: 724.750 GC heap after
Heap after GC invocations=307 (full 4):
 def new generation   total 148608K, used 5432K [0x00000000a2400000, 0x00000000ac530000, 0x00000000c1800000)
  eden space 132160K,   0% used [0x00000000a2400000, 0x00000000a2400000, 0x00000000aa510000)
  from space 16448K,  33% used [0x00000000ab520000, 0x00000000aba6e348, 0x00000000ac530000)
  to   space 16448K,   0% used [0x00000000aa510000, 0x00000000aa510000, 0x00000000ab520000)
 tenured generation   total 329976K, used 229253K [0x00000000c1800000, 0x00000000d5a3e000, 0x0000000100000000)
   the space 329976K,  69% used [0x00000000c1800000, 0x00000000cf7e15a0, 0x00000000cf7e1600, 0x00000000d5a3e000)
 Metaspace       used 56965K, capacity 58152K, committed 58328K, reserved 1099776K
  class space    used 7387K, capacity 7664K, committed 7680K, reserved 1048576K
}
Event: 724.769 GC heap before
{Heap before GC invocations=307 (full 4):
 def new generation   total 148608K, used 137592K [0x00000000a2400000, 0x00000000ac530000, 0x00000000c1800000)
  eden space 132160K, 100% used [0x00000000a2400000, 0x00000000aa510000, 0x00000000aa510000)
  from space 16448K,  33% used [0x00000000ab520000, 0x00000000aba6e348, 0x00000000ac530000)
  to   space 16448K,   0% used [0x00000000aa510000, 0x00000000aa510000, 0x00000000ab520000)
 tenured generation   total 329976K, used 229253K [0x00000000c1800000, 0x00000000d5a3e000, 0x0000000100000000)
   the space 329976K,  69% used [0x00000000c1800000, 0x00000000cf7e15a0, 0x00000000cf7e1600, 0x00000000d5a3e000)
 Metaspace       used 56965K, capacity 58152K, committed 58328K, reserved 1099776K
  class space    used 7387K, capacity 7664K, committed 7680K, reserved 1048576K
Event: 724.777 GC heap after
Heap after GC invocations=308 (full 4):
 def new generation   total 148608K, used 5534K [0x00000000a2400000, 0x00000000ac530000, 0x00000000c1800000)
  eden space 132160K,   0% used [0x00000000a2400000, 0x00000000a2400000, 0x00000000aa510000)
  from space 16448K,  33% used [0x00000000aa510000, 0x00000000aaa77870, 0x00000000ab520000)
  to   space 16448K,   0% used [0x00000000ab520000, 0x00000000ab520000, 0x00000000ac530000)
 tenured generation   total 329976K, used 229253K [0x00000000c1800000, 0x00000000d5a3e000, 0x0000000100000000)
   the space 329976K,  69% used [0x00000000c1800000, 0x00000000cf7e15a0, 0x00000000cf7e1600, 0x00000000d5a3e000)
 Metaspace       used 56965K, capacity 58152K, committed 58328K, reserved 1099776K
  class space    used 7387K, capacity 7664K, committed 7680K, reserved 1048576K
}
Event: 724.793 GC heap before
{Heap before GC invocations=308 (full 4):
 def new generation   total 148608K, used 137694K [0x00000000a2400000, 0x00000000ac530000, 0x00000000c1800000)
  eden space 132160K, 100% used [0x00000000a2400000, 0x00000000aa510000, 0x00000000aa510000)
  from space 16448K,  33% used [0x00000000aa510000, 0x00000000aaa77870, 0x00000000ab520000)
  to   space 16448K,   0% used [0x00000000ab520000, 0x00000000ab520000, 0x00000000ac530000)
 tenured generation   total 329976K, used 229253K [0x00000000c1800000, 0x00000000d5a3e000, 0x0000000100000000)
   the space 329976K,  69% used [0x00000000c1800000, 0x00000000cf7e15a0, 0x00000000cf7e1600, 0x00000000d5a3e000)
 Metaspace       used 56965K, capacity 58152K, committed 58328K, reserved 1099776K
  class space    used 7387K, capacity 7664K, committed 7680K, reserved 1048576K
Event: 724.800 GC heap after
Heap after GC invocations=309 (full 4):
 def new generation   total 148608K, used 6254K [0x00000000a2400000, 0x00000000ac530000, 0x00000000c1800000)
  eden space 132160K,   0% used [0x00000000a2400000, 0x00000000a2400000, 0x00000000aa510000)
  from space 16448K,  38% used [0x00000000ab520000, 0x00000000abb3bae8, 0x00000000ac530000)
  to   space 16448K,   0% used [0x00000000aa510000, 0x00000000aa510000, 0x00000000ab520000)
 tenured generation   total 329976K, used 229253K [0x00000000c1800000, 0x00000000d5a3e000, 0x0000000100000000)
   the space 329976K,  69% used [0x00000000c1800000, 0x00000000cf7e15a0, 0x00000000cf7e1600, 0x00000000d5a3e000)
 Metaspace       used 56965K, capacity 58152K, committed 58328K, reserved 1099776K
  class space    used 7387K, capacity 7664K, committed 7680K, reserved 1048576K
}
Event: 725.579 GC heap before
{Heap before GC invocations=309 (full 4):
 def new generation   total 148608K, used 138414K [0x00000000a2400000, 0x00000000ac530000, 0x00000000c1800000)
  eden space 132160K, 100% used [0x00000000a2400000, 0x00000000aa510000, 0x00000000aa510000)
  from space 16448K,  38% used [0x00000000ab520000, 0x00000000abb3bae8, 0x00000000ac530000)
  to   space 16448K,   0% used [0x00000000aa510000, 0x00000000aa510000, 0x00000000ab520000)
 tenured generation   total 329976K, used 229253K [0x00000000c1800000, 0x00000000d5a3e000, 0x0000000100000000)
   the space 329976K,  69% used [0x00000000c1800000, 0x00000000cf7e15a0, 0x00000000cf7e1600, 0x00000000d5a3e000)
 Metaspace       used 56990K, capacity 58152K, committed 58328K, reserved 1099776K
  class space    used 7388K, capacity 7664K, committed 7680K, reserved 1048576K
Event: 725.588 GC heap after
Heap after GC invocations=310 (full 4):
 def new generation   total 148608K, used 6769K [0x00000000a2400000, 0x00000000ac530000, 0x00000000c1800000)
  eden space 132160K,   0% used [0x00000000a2400000, 0x00000000a2400000, 0x00000000aa510000)
  from space 16448K,  41% used [0x00000000aa510000, 0x00000000aabac630, 0x00000000ab520000)
  to   space 16448K,   0% used [0x00000000ab520000, 0x00000000ab520000, 0x00000000ac530000)
 tenured generation   total 329976K, used 229253K [0x00000000c1800000, 0x00000000d5a3e000, 0x0000000100000000)
   the space 329976K,  69% used [0x00000000c1800000, 0x00000000cf7e15a0, 0x00000000cf7e1600, 0x00000000d5a3e000)
 Metaspace       used 56990K, capacity 58152K, committed 58328K, reserved 1099776K
  class space    used 7388K, capacity 7664K, committed 7680K, reserved 1048576K
}
Event: 725.602 GC heap before
{Heap before GC invocations=310 (full 4):
 def new generation   total 148608K, used 138929K [0x00000000a2400000, 0x00000000ac530000, 0x00000000c1800000)
  eden space 132160K, 100% used [0x00000000a2400000, 0x00000000aa510000, 0x00000000aa510000)
  from space 16448K,  41% used [0x00000000aa510000, 0x00000000aabac630, 0x00000000ab520000)
  to   space 16448K,   0% used [0x00000000ab520000, 0x00000000ab520000, 0x00000000ac530000)
 tenured generation   total 329976K, used 229253K [0x00000000c1800000, 0x00000000d5a3e000, 0x0000000100000000)
   the space 329976K,  69% used [0x00000000c1800000, 0x00000000cf7e15a0, 0x00000000cf7e1600, 0x00000000d5a3e000)
 Metaspace       used 56990K, capacity 58152K, committed 58328K, reserved 1099776K
  class space    used 7388K, capacity 7664K, committed 7680K, reserved 1048576K
Event: 725.611 GC heap after
Heap after GC invocations=311 (full 4):
 def new generation   total 148608K, used 7219K [0x00000000a2400000, 0x00000000ac530000, 0x00000000c1800000)
  eden space 132160K,   0% used [0x00000000a2400000, 0x00000000a2400000, 0x00000000aa510000)
  from space 16448K,  43% used [0x00000000ab520000, 0x00000000abc2cd48, 0x00000000ac530000)
  to   space 16448K,   0% used [0x00000000aa510000, 0x00000000aa510000, 0x00000000ab520000)
 tenured generation   total 329976K, used 229253K [0x00000000c1800000, 0x00000000d5a3e000, 0x0000000100000000)
   the space 329976K,  69% used [0x00000000c1800000, 0x00000000cf7e15a0, 0x00000000cf7e1600, 0x00000000d5a3e000)
 Metaspace       used 56990K, capacity 58152K, committed 58328K, reserved 1099776K
  class space    used 7388K, capacity 7664K, committed 7680K, reserved 1048576K
}

